<?xml version="1.0" encoding="UTF-8"?>
<!-- Generated by org.testng.reporters.JUnitReportReporter -->
<testsuite hostname="Mahesh" failures="0" tests="1" name="Reports.SingletonReportTest" time="3.559" errors="0" timestamp="16 Oct 2024 02:48:01 GMT" skipped="0">
  <testcase classname="Reports.SingletonReportTest" name="sampleTestWithSingleton" time="3.559"/>
</testsuite> <!-- Reports.SingletonReportTest -->
